[    4043ms] [WARNING] [.WebGL-0x330400103a00]GL Driver Message (OpenGL, Performance, GL_CLOSE_PATH_NV, High): GPU stall due to ReadPixels @ http://localhost:5173/:0
[    5945ms] [WARNING] [.WebGL-0x330400103a00]GL Driver Message (OpenGL, Performance, GL_CLOSE_PATH_NV, High): GPU stall due to ReadPixels @ http://localhost:5173/:0
[    6369ms] [WARNING] [.WebGL-0x330400103a00]GL Driver Message (OpenGL, Performance, GL_CLOSE_PATH_NV, High): GPU stall due to ReadPixels @ http://localhost:5173/:0
[    6791ms] [WARNING] [.WebGL-0x330400103a00]GL Driver Message (OpenGL, Performance, GL_CLOSE_PATH_NV, High): GPU stall due to ReadPixels (this message will no longer repeat) @ http://localhost:5173/:0
[ 1045977ms] [ERROR] Failed to load resource: net::ERR_EMPTY_RESPONSE @ http://localhost:8000/api/v1/events/map?bbox_n=24.597515382110387&bbox_s=14.994064267805015&bbox_e=29.449313232371566&bbox_w=10.550686767628804&zoom=11&start_date=2026-03-12&end_date=2026-03-19:0
[ 1045980ms] [ERROR] Failed to load resource: net::ERR_EMPTY_RESPONSE @ http://localhost:8000/api/v1/events/map?bbox_n=24.597515382110387&bbox_s=14.994064267805015&bbox_e=29.449313232371566&bbox_w=10.550686767628804&zoom=10&start_date=2026-03-12&end_date=2026-03-19:0
[ 1045980ms] [ERROR] Failed to load resource: net::ERR_CONNECTION_RESET @ http://localhost:8000/api/v1/events/map?bbox_n=24.597515382110387&bbox_s=14.994064267805015&bbox_e=29.449313232371566&bbox_w=10.550686767628804&zoom=13&start_date=2026-03-12&end_date=2026-03-19:0
[ 1045983ms] [ERROR] Failed to load resource: net::ERR_CONNECTION_RESET @ http://localhost:8000/api/v1/events/map?bbox_n=24.597515382110387&bbox_s=14.994064267805015&bbox_e=29.449313232371566&bbox_w=10.550686767628804&zoom=14&start_date=2026-03-12&end_date=2026-03-19:0
[ 1046178ms] [ERROR] Failed to load resource: net::ERR_CONNECTION_REFUSED @ http://localhost:8000/api/v1/events/map?bbox_n=24.597515382110387&bbox_s=14.994064267805015&bbox_e=29.449313232371566&bbox_w=10.550686767628804&zoom=12&start_date=2026-03-12&end_date=2026-03-19:0
[ 1046179ms] [ERROR] Failed to load resource: net::ERR_CONNECTION_REFUSED @ http://localhost:8000/api/v1/events/map?bbox_n=24.597515382110387&bbox_s=14.994064267805015&bbox_e=29.449313232371566&bbox_w=10.550686767628804&zoom=15&start_date=2026-03-12&end_date=2026-03-19:0
[ 1046193ms] [ERROR] Failed to load resource: net::ERR_CONNECTION_REFUSED @ http://localhost:8000/api/v1/events/map?bbox_n=24.597515382110387&bbox_s=14.994064267805015&bbox_e=29.449313232371566&bbox_w=10.550686767628804&zoom=16&start_date=2026-03-12&end_date=2026-03-19:0
[ 1046207ms] [ERROR] Failed to load resource: net::ERR_CONNECTION_REFUSED @ http://localhost:8000/api/v1/events/map?bbox_n=24.597515382110387&bbox_s=14.994064267805015&bbox_e=29.449313232371566&bbox_w=10.550686767628804&zoom=17&start_date=2026-03-12&end_date=2026-03-19:0
[ 1046601ms] [ERROR] Failed to load resource: net::ERR_CONNECTION_REFUSED @ http://localhost:8000/api/v1/events/map?bbox_n=20.021965196656936&bbox_s=20.01976261370214&bbox_e=20.00209212303298&bbox_w=19.997907876969066&zoom=17&start_date=2026-03-12&end_date=2026-03-19:0
[ 1047606ms] [ERROR] Failed to load resource: net::ERR_CONNECTION_REFUSED @ http://localhost:8000/api/v1/events/map?bbox_n=20.021965196656936&bbox_s=20.01976261370214&bbox_e=20.00209212303298&bbox_w=19.997907876969066&zoom=17&start_date=2026-03-12&end_date=2026-03-19:0
[ 1066206ms] [ERROR] Failed to load resource: net::ERR_CONNECTION_REFUSED @ http://localhost:8000/api/v1/health:0
[ 1067210ms] [ERROR] Failed to load resource: net::ERR_CONNECTION_REFUSED @ http://localhost:8000/api/v1/health:0
[ 1077670ms] [ERROR] Failed to load resource: net::ERR_CONNECTION_REFUSED @ http://localhost:8000/api/v1/events/map?bbox_n=20.021965196656936&bbox_s=20.01976261370214&bbox_e=20.00209212303298&bbox_w=19.997907876969066&zoom=17&start_date=2026-03-12&end_date=2026-03-19:0
[ 1078676ms] [ERROR] Failed to load resource: net::ERR_CONNECTION_REFUSED @ http://localhost:8000/api/v1/events/map?bbox_n=20.021965196656936&bbox_s=20.01976261370214&bbox_e=20.00209212303298&bbox_w=19.997907876969066&zoom=17&start_date=2026-03-12&end_date=2026-03-19:0
[ 1087213ms] [ERROR] Failed to load resource: net::ERR_CONNECTION_REFUSED @ http://localhost:8000/api/v1/health:0
[ 1088217ms] [ERROR] Failed to load resource: net::ERR_CONNECTION_REFUSED @ http://localhost:8000/api/v1/health:0
[ 1108221ms] [ERROR] Failed to load resource: net::ERR_CONNECTION_REFUSED @ http://localhost:8000/api/v1/health:0
[ 1108692ms] [ERROR] Failed to load resource: net::ERR_CONNECTION_REFUSED @ http://localhost:8000/api/v1/events/map?bbox_n=20.021965196656936&bbox_s=20.01976261370214&bbox_e=20.00209212303298&bbox_w=19.997907876969066&zoom=17&start_date=2026-03-12&end_date=2026-03-19:0
[ 1109225ms] [ERROR] Failed to load resource: net::ERR_CONNECTION_REFUSED @ http://localhost:8000/api/v1/health:0
[ 1109696ms] [ERROR] Failed to load resource: net::ERR_CONNECTION_REFUSED @ http://localhost:8000/api/v1/events/map?bbox_n=20.021965196656936&bbox_s=20.01976261370214&bbox_e=20.00209212303298&bbox_w=19.997907876969066&zoom=17&start_date=2026-03-12&end_date=2026-03-19:0
[ 1129229ms] [ERROR] Failed to load resource: net::ERR_CONNECTION_REFUSED @ http://localhost:8000/api/v1/health:0
[ 1130233ms] [ERROR] Failed to load resource: net::ERR_CONNECTION_REFUSED @ http://localhost:8000/api/v1/health:0
[ 1139709ms] [ERROR] Failed to load resource: net::ERR_CONNECTION_REFUSED @ http://localhost:8000/api/v1/events/map?bbox_n=20.021965196656936&bbox_s=20.01976261370214&bbox_e=20.00209212303298&bbox_w=19.997907876969066&zoom=17&start_date=2026-03-12&end_date=2026-03-19:0
[ 1140714ms] [ERROR] Failed to load resource: net::ERR_CONNECTION_REFUSED @ http://localhost:8000/api/v1/events/map?bbox_n=20.021965196656936&bbox_s=20.01976261370214&bbox_e=20.00209212303298&bbox_w=19.997907876969066&zoom=17&start_date=2026-03-12&end_date=2026-03-19:0
[ 1150238ms] [ERROR] Failed to load resource: net::ERR_CONNECTION_REFUSED @ http://localhost:8000/api/v1/health:0
[ 1151241ms] [ERROR] Failed to load resource: net::ERR_CONNECTION_REFUSED @ http://localhost:8000/api/v1/health:0
[ 1170725ms] [ERROR] Failed to load resource: net::ERR_CONNECTION_REFUSED @ http://localhost:8000/api/v1/events/map?bbox_n=20.021965196656936&bbox_s=20.01976261370214&bbox_e=20.00209212303298&bbox_w=19.997907876969066&zoom=17&start_date=2026-03-12&end_date=2026-03-19:0
[ 1171244ms] [ERROR] Failed to load resource: net::ERR_CONNECTION_REFUSED @ http://localhost:8000/api/v1/health:0
[ 1171729ms] [ERROR] Failed to load resource: net::ERR_CONNECTION_REFUSED @ http://localhost:8000/api/v1/events/map?bbox_n=20.021965196656936&bbox_s=20.01976261370214&bbox_e=20.00209212303298&bbox_w=19.997907876969066&zoom=17&start_date=2026-03-12&end_date=2026-03-19:0
[ 1172247ms] [ERROR] Failed to load resource: net::ERR_CONNECTION_REFUSED @ http://localhost:8000/api/v1/health:0
[ 1192254ms] [ERROR] Failed to load resource: net::ERR_CONNECTION_REFUSED @ http://localhost:8000/api/v1/health:0
[ 1193260ms] [ERROR] Failed to load resource: net::ERR_CONNECTION_REFUSED @ http://localhost:8000/api/v1/health:0
[ 1201739ms] [ERROR] Failed to load resource: net::ERR_CONNECTION_REFUSED @ http://localhost:8000/api/v1/events/map?bbox_n=20.021965196656936&bbox_s=20.01976261370214&bbox_e=20.00209212303298&bbox_w=19.997907876969066&zoom=17&start_date=2026-03-12&end_date=2026-03-19:0
[ 1202744ms] [ERROR] Failed to load resource: net::ERR_CONNECTION_REFUSED @ http://localhost:8000/api/v1/events/map?bbox_n=20.021965196656936&bbox_s=20.01976261370214&bbox_e=20.00209212303298&bbox_w=19.997907876969066&zoom=17&start_date=2026-03-12&end_date=2026-03-19:0
[ 1213267ms] [ERROR] Failed to load resource: net::ERR_CONNECTION_REFUSED @ http://localhost:8000/api/v1/health:0
[ 1214273ms] [ERROR] Failed to load resource: net::ERR_CONNECTION_REFUSED @ http://localhost:8000/api/v1/health:0
[ 1232760ms] [ERROR] Failed to load resource: net::ERR_CONNECTION_REFUSED @ http://localhost:8000/api/v1/events/map?bbox_n=20.021965196656936&bbox_s=20.01976261370214&bbox_e=20.00209212303298&bbox_w=19.997907876969066&zoom=17&start_date=2026-03-12&end_date=2026-03-19:0
[ 1233764ms] [ERROR] Failed to load resource: net::ERR_CONNECTION_REFUSED @ http://localhost:8000/api/v1/events/map?bbox_n=20.021965196656936&bbox_s=20.01976261370214&bbox_e=20.00209212303298&bbox_w=19.997907876969066&zoom=17&start_date=2026-03-12&end_date=2026-03-19:0
[ 1234277ms] [ERROR] Failed to load resource: net::ERR_CONNECTION_REFUSED @ http://localhost:8000/api/v1/health:0
[ 1235280ms] [ERROR] Failed to load resource: net::ERR_CONNECTION_REFUSED @ http://localhost:8000/api/v1/health:0
[ 1255283ms] [ERROR] Failed to load resource: net::ERR_CONNECTION_REFUSED @ http://localhost:8000/api/v1/health:0
[ 1256289ms] [ERROR] Failed to load resource: net::ERR_CONNECTION_REFUSED @ http://localhost:8000/api/v1/health:0
[ 1263822ms] [ERROR] Failed to load resource: net::ERR_CONNECTION_REFUSED @ http://localhost:8000/api/v1/events/map?bbox_n=20.021965196656936&bbox_s=20.01976261370214&bbox_e=20.00209212303298&bbox_w=19.997907876969066&zoom=17&start_date=2026-03-12&end_date=2026-03-19:0
[ 1264827ms] [ERROR] Failed to load resource: net::ERR_CONNECTION_REFUSED @ http://localhost:8000/api/v1/events/map?bbox_n=20.021965196656936&bbox_s=20.01976261370214&bbox_e=20.00209212303298&bbox_w=19.997907876969066&zoom=17&start_date=2026-03-12&end_date=2026-03-19:0
[ 1276292ms] [ERROR] Failed to load resource: net::ERR_CONNECTION_REFUSED @ http://localhost:8000/api/v1/health:0
[ 1277296ms] [ERROR] Failed to load resource: net::ERR_CONNECTION_REFUSED @ http://localhost:8000/api/v1/health:0
[ 1294869ms] [ERROR] Failed to load resource: net::ERR_CONNECTION_REFUSED @ http://localhost:8000/api/v1/events/map?bbox_n=20.021965196656936&bbox_s=20.01976261370214&bbox_e=20.00209212303298&bbox_w=19.997907876969066&zoom=17&start_date=2026-03-12&end_date=2026-03-19:0
[ 1295874ms] [ERROR] Failed to load resource: net::ERR_CONNECTION_REFUSED @ http://localhost:8000/api/v1/events/map?bbox_n=20.021965196656936&bbox_s=20.01976261370214&bbox_e=20.00209212303298&bbox_w=19.997907876969066&zoom=17&start_date=2026-03-12&end_date=2026-03-19:0
[ 1297299ms] [ERROR] Failed to load resource: net::ERR_CONNECTION_REFUSED @ http://localhost:8000/api/v1/health:0
[ 1298302ms] [ERROR] Failed to load resource: net::ERR_CONNECTION_REFUSED @ http://localhost:8000/api/v1/health:0
[ 1318306ms] [ERROR] Failed to load resource: net::ERR_CONNECTION_REFUSED @ http://localhost:8000/api/v1/health:0
[ 1319309ms] [ERROR] Failed to load resource: net::ERR_CONNECTION_REFUSED @ http://localhost:8000/api/v1/health:0
[ 1325885ms] [ERROR] Failed to load resource: net::ERR_CONNECTION_REFUSED @ http://localhost:8000/api/v1/events/map?bbox_n=20.021965196656936&bbox_s=20.01976261370214&bbox_e=20.00209212303298&bbox_w=19.997907876969066&zoom=17&start_date=2026-03-12&end_date=2026-03-19:0
[ 1326888ms] [ERROR] Failed to load resource: net::ERR_CONNECTION_REFUSED @ http://localhost:8000/api/v1/events/map?bbox_n=20.021965196656936&bbox_s=20.01976261370214&bbox_e=20.00209212303298&bbox_w=19.997907876969066&zoom=17&start_date=2026-03-12&end_date=2026-03-19:0
[ 1339312ms] [ERROR] Failed to load resource: net::ERR_CONNECTION_REFUSED @ http://localhost:8000/api/v1/health:0
[ 1340316ms] [ERROR] Failed to load resource: net::ERR_CONNECTION_REFUSED @ http://localhost:8000/api/v1/health:0
[ 1356898ms] [ERROR] Failed to load resource: net::ERR_CONNECTION_REFUSED @ http://localhost:8000/api/v1/events/map?bbox_n=20.021965196656936&bbox_s=20.01976261370214&bbox_e=20.00209212303298&bbox_w=19.997907876969066&zoom=17&start_date=2026-03-12&end_date=2026-03-19:0
[ 1357902ms] [ERROR] Failed to load resource: net::ERR_CONNECTION_REFUSED @ http://localhost:8000/api/v1/events/map?bbox_n=20.021965196656936&bbox_s=20.01976261370214&bbox_e=20.00209212303298&bbox_w=19.997907876969066&zoom=17&start_date=2026-03-12&end_date=2026-03-19:0
[ 1360320ms] [ERROR] Failed to load resource: net::ERR_CONNECTION_REFUSED @ http://localhost:8000/api/v1/health:0
[ 1361323ms] [ERROR] Failed to load resource: net::ERR_CONNECTION_REFUSED @ http://localhost:8000/api/v1/health:0
[ 1381327ms] [ERROR] Failed to load resource: net::ERR_CONNECTION_REFUSED @ http://localhost:8000/api/v1/health:0
[ 1382330ms] [ERROR] Failed to load resource: net::ERR_CONNECTION_REFUSED @ http://localhost:8000/api/v1/health:0
[ 1387913ms] [ERROR] Failed to load resource: net::ERR_CONNECTION_REFUSED @ http://localhost:8000/api/v1/events/map?bbox_n=20.021965196656936&bbox_s=20.01976261370214&bbox_e=20.00209212303298&bbox_w=19.997907876969066&zoom=17&start_date=2026-03-12&end_date=2026-03-19:0
[ 1388916ms] [ERROR] Failed to load resource: net::ERR_CONNECTION_REFUSED @ http://localhost:8000/api/v1/events/map?bbox_n=20.021965196656936&bbox_s=20.01976261370214&bbox_e=20.00209212303298&bbox_w=19.997907876969066&zoom=17&start_date=2026-03-12&end_date=2026-03-19:0
[ 1402333ms] [ERROR] Failed to load resource: net::ERR_CONNECTION_REFUSED @ http://localhost:8000/api/v1/health:0
[ 1403336ms] [ERROR] Failed to load resource: net::ERR_CONNECTION_REFUSED @ http://localhost:8000/api/v1/health:0
[ 1418961ms] [ERROR] Failed to load resource: net::ERR_CONNECTION_REFUSED @ http://localhost:8000/api/v1/events/map?bbox_n=20.021965196656936&bbox_s=20.01976261370214&bbox_e=20.00209212303298&bbox_w=19.997907876969066&zoom=17&start_date=2026-03-12&end_date=2026-03-19:0
[ 1419965ms] [ERROR] Failed to load resource: net::ERR_CONNECTION_REFUSED @ http://localhost:8000/api/v1/events/map?bbox_n=20.021965196656936&bbox_s=20.01976261370214&bbox_e=20.00209212303298&bbox_w=19.997907876969066&zoom=17&start_date=2026-03-12&end_date=2026-03-19:0
[ 1423339ms] [ERROR] Failed to load resource: net::ERR_CONNECTION_REFUSED @ http://localhost:8000/api/v1/health:0
[ 1424343ms] [ERROR] Failed to load resource: net::ERR_CONNECTION_REFUSED @ http://localhost:8000/api/v1/health:0
[ 1444350ms] [ERROR] Failed to load resource: net::ERR_CONNECTION_REFUSED @ http://localhost:8000/api/v1/health:0
[ 1445354ms] [ERROR] Failed to load resource: net::ERR_CONNECTION_REFUSED @ http://localhost:8000/api/v1/health:0
[ 1449976ms] [ERROR] Failed to load resource: net::ERR_CONNECTION_REFUSED @ http://localhost:8000/api/v1/events/map?bbox_n=20.021965196656936&bbox_s=20.01976261370214&bbox_e=20.00209212303298&bbox_w=19.997907876969066&zoom=17&start_date=2026-03-12&end_date=2026-03-19:0
[ 1450980ms] [ERROR] Failed to load resource: net::ERR_CONNECTION_REFUSED @ http://localhost:8000/api/v1/events/map?bbox_n=20.021965196656936&bbox_s=20.01976261370214&bbox_e=20.00209212303298&bbox_w=19.997907876969066&zoom=17&start_date=2026-03-12&end_date=2026-03-19:0
[ 1465358ms] [ERROR] Failed to load resource: net::ERR_CONNECTION_REFUSED @ http://localhost:8000/api/v1/health:0
[ 1466363ms] [ERROR] Failed to load resource: net::ERR_CONNECTION_REFUSED @ http://localhost:8000/api/v1/health:0
[ 1480994ms] [ERROR] Failed to load resource: net::ERR_CONNECTION_REFUSED @ http://localhost:8000/api/v1/events/map?bbox_n=20.021965196656936&bbox_s=20.01976261370214&bbox_e=20.00209212303298&bbox_w=19.997907876969066&zoom=17&start_date=2026-03-12&end_date=2026-03-19:0
[ 1481998ms] [ERROR] Failed to load resource: net::ERR_CONNECTION_REFUSED @ http://localhost:8000/api/v1/events/map?bbox_n=20.021965196656936&bbox_s=20.01976261370214&bbox_e=20.00209212303298&bbox_w=19.997907876969066&zoom=17&start_date=2026-03-12&end_date=2026-03-19:0
[ 1486366ms] [ERROR] Failed to load resource: net::ERR_CONNECTION_REFUSED @ http://localhost:8000/api/v1/health:0
[ 1487371ms] [ERROR] Failed to load resource: net::ERR_CONNECTION_REFUSED @ http://localhost:8000/api/v1/health:0
[ 1507377ms] [ERROR] Failed to load resource: net::ERR_CONNECTION_REFUSED @ http://localhost:8000/api/v1/health:0
[ 1508381ms] [ERROR] Failed to load resource: net::ERR_CONNECTION_REFUSED @ http://localhost:8000/api/v1/health:0
[ 1512007ms] [ERROR] Failed to load resource: net::ERR_CONNECTION_REFUSED @ http://localhost:8000/api/v1/events/map?bbox_n=20.021965196656936&bbox_s=20.01976261370214&bbox_e=20.00209212303298&bbox_w=19.997907876969066&zoom=17&start_date=2026-03-12&end_date=2026-03-19:0
[ 1513011ms] [ERROR] Failed to load resource: net::ERR_CONNECTION_REFUSED @ http://localhost:8000/api/v1/events/map?bbox_n=20.021965196656936&bbox_s=20.01976261370214&bbox_e=20.00209212303298&bbox_w=19.997907876969066&zoom=17&start_date=2026-03-12&end_date=2026-03-19:0
[ 1528383ms] [ERROR] Failed to load resource: net::ERR_CONNECTION_REFUSED @ http://localhost:8000/api/v1/health:0
[ 1529389ms] [ERROR] Failed to load resource: net::ERR_CONNECTION_REFUSED @ http://localhost:8000/api/v1/health:0
[ 1543070ms] [ERROR] Failed to load resource: net::ERR_CONNECTION_REFUSED @ http://localhost:8000/api/v1/events/map?bbox_n=20.021965196656936&bbox_s=20.01976261370214&bbox_e=20.00209212303298&bbox_w=19.997907876969066&zoom=17&start_date=2026-03-12&end_date=2026-03-19:0
[ 1544075ms] [ERROR] Failed to load resource: net::ERR_CONNECTION_REFUSED @ http://localhost:8000/api/v1/events/map?bbox_n=20.021965196656936&bbox_s=20.01976261370214&bbox_e=20.00209212303298&bbox_w=19.997907876969066&zoom=17&start_date=2026-03-12&end_date=2026-03-19:0
[ 1549398ms] [ERROR] Failed to load resource: net::ERR_CONNECTION_REFUSED @ http://localhost:8000/api/v1/health:0
[ 1550405ms] [ERROR] Failed to load resource: net::ERR_CONNECTION_REFUSED @ http://localhost:8000/api/v1/health:0
[ 1833359ms] [ERROR] Failed to load resource: net::ERR_CONNECTION_REFUSED @ http://localhost:8000/api/v1/health:0
[ 1834367ms] [ERROR] Failed to load resource: net::ERR_CONNECTION_REFUSED @ http://localhost:8000/api/v1/health:0
[ 1844471ms] [ERROR] Failed to load resource: net::ERR_CONNECTION_REFUSED @ http://localhost:8000/api/v1/events/map?bbox_n=20.021965196656936&bbox_s=20.01976261370214&bbox_e=20.00209212303298&bbox_w=19.997907876969066&zoom=17&start_date=2026-03-12&end_date=2026-03-19:0
[ 1845474ms] [ERROR] Failed to load resource: net::ERR_CONNECTION_REFUSED @ http://localhost:8000/api/v1/events/map?bbox_n=20.021965196656936&bbox_s=20.01976261370214&bbox_e=20.00209212303298&bbox_w=19.997907876969066&zoom=17&start_date=2026-03-12&end_date=2026-03-19:0
[ 1854371ms] [ERROR] Failed to load resource: net::ERR_CONNECTION_REFUSED @ http://localhost:8000/api/v1/health:0
[ 1855375ms] [ERROR] Failed to load resource: net::ERR_CONNECTION_REFUSED @ http://localhost:8000/api/v1/health:0
[ 1875378ms] [ERROR] Failed to load resource: net::ERR_CONNECTION_REFUSED @ http://localhost:8000/api/v1/health:0
[ 1875478ms] [ERROR] Failed to load resource: net::ERR_CONNECTION_REFUSED @ http://localhost:8000/api/v1/events/map?bbox_n=20.021965196656936&bbox_s=20.01976261370214&bbox_e=20.00209212303298&bbox_w=19.997907876969066&zoom=17&start_date=2026-03-12&end_date=2026-03-19:0
[ 1876383ms] [ERROR] Failed to load resource: net::ERR_CONNECTION_REFUSED @ http://localhost:8000/api/v1/health:0
[ 1876482ms] [ERROR] Failed to load resource: net::ERR_CONNECTION_REFUSED @ http://localhost:8000/api/v1/events/map?bbox_n=20.021965196656936&bbox_s=20.01976261370214&bbox_e=20.00209212303298&bbox_w=19.997907876969066&zoom=17&start_date=2026-03-12&end_date=2026-03-19:0
[ 1896387ms] [ERROR] Failed to load resource: net::ERR_CONNECTION_REFUSED @ http://localhost:8000/api/v1/health:0
[ 1897390ms] [ERROR] Failed to load resource: net::ERR_CONNECTION_REFUSED @ http://localhost:8000/api/v1/health:0
[ 1906486ms] [ERROR] Failed to load resource: net::ERR_CONNECTION_REFUSED @ http://localhost:8000/api/v1/events/map?bbox_n=20.021965196656936&bbox_s=20.01976261370214&bbox_e=20.00209212303298&bbox_w=19.997907876969066&zoom=17&start_date=2026-03-12&end_date=2026-03-19:0
[ 1907489ms] [ERROR] Failed to load resource: net::ERR_CONNECTION_REFUSED @ http://localhost:8000/api/v1/events/map?bbox_n=20.021965196656936&bbox_s=20.01976261370214&bbox_e=20.00209212303298&bbox_w=19.997907876969066&zoom=17&start_date=2026-03-12&end_date=2026-03-19:0
[ 1917394ms] [ERROR] Failed to load resource: net::ERR_CONNECTION_REFUSED @ http://localhost:8000/api/v1/health:0
[ 1918399ms] [ERROR] Failed to load resource: net::ERR_CONNECTION_REFUSED @ http://localhost:8000/api/v1/health:0
[ 1937493ms] [ERROR] Failed to load resource: net::ERR_CONNECTION_REFUSED @ http://localhost:8000/api/v1/events/map?bbox_n=20.021965196656936&bbox_s=20.01976261370214&bbox_e=20.00209212303298&bbox_w=19.997907876969066&zoom=17&start_date=2026-03-12&end_date=2026-03-19:0
[ 1938404ms] [ERROR] Failed to load resource: net::ERR_CONNECTION_REFUSED @ http://localhost:8000/api/v1/health:0
[ 1938497ms] [ERROR] Failed to load resource: net::ERR_CONNECTION_REFUSED @ http://localhost:8000/api/v1/events/map?bbox_n=20.021965196656936&bbox_s=20.01976261370214&bbox_e=20.00209212303298&bbox_w=19.997907876969066&zoom=17&start_date=2026-03-12&end_date=2026-03-19:0
[ 1939409ms] [ERROR] Failed to load resource: net::ERR_CONNECTION_REFUSED @ http://localhost:8000/api/v1/health:0
[ 1959412ms] [ERROR] Failed to load resource: net::ERR_CONNECTION_REFUSED @ http://localhost:8000/api/v1/health:0
[ 1960416ms] [ERROR] Failed to load resource: net::ERR_CONNECTION_REFUSED @ http://localhost:8000/api/v1/health:0
[ 1968504ms] [ERROR] Failed to load resource: net::ERR_CONNECTION_REFUSED @ http://localhost:8000/api/v1/events/map?bbox_n=20.021965196656936&bbox_s=20.01976261370214&bbox_e=20.00209212303298&bbox_w=19.997907876969066&zoom=17&start_date=2026-03-12&end_date=2026-03-19:0
[ 1969508ms] [ERROR] Failed to load resource: net::ERR_CONNECTION_REFUSED @ http://localhost:8000/api/v1/events/map?bbox_n=20.021965196656936&bbox_s=20.01976261370214&bbox_e=20.00209212303298&bbox_w=19.997907876969066&zoom=17&start_date=2026-03-12&end_date=2026-03-19:0
[ 1980420ms] [ERROR] Failed to load resource: net::ERR_CONNECTION_REFUSED @ http://localhost:8000/api/v1/health:0
[ 1981423ms] [ERROR] Failed to load resource: net::ERR_CONNECTION_REFUSED @ http://localhost:8000/api/v1/health:0
[ 1999512ms] [ERROR] Failed to load resource: net::ERR_CONNECTION_REFUSED @ http://localhost:8000/api/v1/events/map?bbox_n=20.021965196656936&bbox_s=20.01976261370214&bbox_e=20.00209212303298&bbox_w=19.997907876969066&zoom=17&start_date=2026-03-12&end_date=2026-03-19:0
[ 2000516ms] [ERROR] Failed to load resource: net::ERR_CONNECTION_REFUSED @ http://localhost:8000/api/v1/events/map?bbox_n=20.021965196656936&bbox_s=20.01976261370214&bbox_e=20.00209212303298&bbox_w=19.997907876969066&zoom=17&start_date=2026-03-12&end_date=2026-03-19:0
[ 2001427ms] [ERROR] Failed to load resource: net::ERR_CONNECTION_REFUSED @ http://localhost:8000/api/v1/health:0
[ 2002432ms] [ERROR] Failed to load resource: net::ERR_CONNECTION_REFUSED @ http://localhost:8000/api/v1/health:0
[ 2022438ms] [ERROR] Failed to load resource: net::ERR_CONNECTION_REFUSED @ http://localhost:8000/api/v1/health:0
[ 2023444ms] [ERROR] Failed to load resource: net::ERR_CONNECTION_REFUSED @ http://localhost:8000/api/v1/health:0
[ 2030519ms] [ERROR] Failed to load resource: net::ERR_CONNECTION_REFUSED @ http://localhost:8000/api/v1/events/map?bbox_n=20.021965196656936&bbox_s=20.01976261370214&bbox_e=20.00209212303298&bbox_w=19.997907876969066&zoom=17&start_date=2026-03-12&end_date=2026-03-19:0
[ 2031524ms] [ERROR] Failed to load resource: net::ERR_CONNECTION_REFUSED @ http://localhost:8000/api/v1/events/map?bbox_n=20.021965196656936&bbox_s=20.01976261370214&bbox_e=20.00209212303298&bbox_w=19.997907876969066&zoom=17&start_date=2026-03-12&end_date=2026-03-19:0
[ 2043448ms] [ERROR] Failed to load resource: net::ERR_CONNECTION_REFUSED @ http://localhost:8000/api/v1/health:0
[ 2044451ms] [ERROR] Failed to load resource: net::ERR_CONNECTION_REFUSED @ http://localhost:8000/api/v1/health:0
[ 2061528ms] [ERROR] Failed to load resource: net::ERR_CONNECTION_REFUSED @ http://localhost:8000/api/v1/events/map?bbox_n=20.021965196656936&bbox_s=20.01976261370214&bbox_e=20.00209212303298&bbox_w=19.997907876969066&zoom=17&start_date=2026-03-12&end_date=2026-03-19:0
[ 2062531ms] [ERROR] Failed to load resource: net::ERR_CONNECTION_REFUSED @ http://localhost:8000/api/v1/events/map?bbox_n=20.021965196656936&bbox_s=20.01976261370214&bbox_e=20.00209212303298&bbox_w=19.997907876969066&zoom=17&start_date=2026-03-12&end_date=2026-03-19:0
[ 2064455ms] [ERROR] Failed to load resource: net::ERR_CONNECTION_REFUSED @ http://localhost:8000/api/v1/health:0
[ 2065459ms] [ERROR] Failed to load resource: net::ERR_CONNECTION_REFUSED @ http://localhost:8000/api/v1/health:0
[ 2085463ms] [ERROR] Failed to load resource: net::ERR_CONNECTION_REFUSED @ http://localhost:8000/api/v1/health:0
[ 2086468ms] [ERROR] Failed to load resource: net::ERR_CONNECTION_REFUSED @ http://localhost:8000/api/v1/health:0
[ 2092534ms] [ERROR] Failed to load resource: net::ERR_CONNECTION_REFUSED @ http://localhost:8000/api/v1/events/map?bbox_n=20.021965196656936&bbox_s=20.01976261370214&bbox_e=20.00209212303298&bbox_w=19.997907876969066&zoom=17&start_date=2026-03-12&end_date=2026-03-19:0
[ 2093539ms] [ERROR] Failed to load resource: net::ERR_CONNECTION_REFUSED @ http://localhost:8000/api/v1/events/map?bbox_n=20.021965196656936&bbox_s=20.01976261370214&bbox_e=20.00209212303298&bbox_w=19.997907876969066&zoom=17&start_date=2026-03-12&end_date=2026-03-19:0
[ 2106472ms] [ERROR] Failed to load resource: net::ERR_CONNECTION_REFUSED @ http://localhost:8000/api/v1/health:0
[ 2107477ms] [ERROR] Failed to load resource: net::ERR_CONNECTION_REFUSED @ http://localhost:8000/api/v1/health:0
[ 2123543ms] [ERROR] Failed to load resource: net::ERR_CONNECTION_REFUSED @ http://localhost:8000/api/v1/events/map?bbox_n=20.021965196656936&bbox_s=20.01976261370214&bbox_e=20.00209212303298&bbox_w=19.997907876969066&zoom=17&start_date=2026-03-12&end_date=2026-03-19:0
[ 2124546ms] [ERROR] Failed to load resource: net::ERR_CONNECTION_REFUSED @ http://localhost:8000/api/v1/events/map?bbox_n=20.021965196656936&bbox_s=20.01976261370214&bbox_e=20.00209212303298&bbox_w=19.997907876969066&zoom=17&start_date=2026-03-12&end_date=2026-03-19:0
[ 2127480ms] [ERROR] Failed to load resource: net::ERR_CONNECTION_REFUSED @ http://localhost:8000/api/v1/health:0
[ 2128483ms] [ERROR] Failed to load resource: net::ERR_CONNECTION_REFUSED @ http://localhost:8000/api/v1/health:0
[ 2148488ms] [ERROR] Failed to load resource: net::ERR_CONNECTION_REFUSED @ http://localhost:8000/api/v1/health:0
[ 2149493ms] [ERROR] Failed to load resource: net::ERR_CONNECTION_REFUSED @ http://localhost:8000/api/v1/health:0
[ 2154552ms] [ERROR] Failed to load resource: net::ERR_CONNECTION_REFUSED @ http://localhost:8000/api/v1/events/map?bbox_n=20.021965196656936&bbox_s=20.01976261370214&bbox_e=20.00209212303298&bbox_w=19.997907876969066&zoom=17&start_date=2026-03-12&end_date=2026-03-19:0
[ 2155556ms] [ERROR] Failed to load resource: net::ERR_CONNECTION_REFUSED @ http://localhost:8000/api/v1/events/map?bbox_n=20.021965196656936&bbox_s=20.01976261370214&bbox_e=20.00209212303298&bbox_w=19.997907876969066&zoom=17&start_date=2026-03-12&end_date=2026-03-19:0
[ 2157462ms] [ERROR] Failed to load resource: net::ERR_CONNECTION_REFUSED @ http://localhost:8000/api/v1/events/map?bbox_n=20.021965196656936&bbox_s=20.01976261370214&bbox_e=20.00209212303298&bbox_w=19.997907876969066&zoom=17&start_date=2026-03-12&end_date=2026-03-19:0
[ 2158467ms] [ERROR] Failed to load resource: net::ERR_CONNECTION_REFUSED @ http://localhost:8000/api/v1/events/map?bbox_n=20.021965196656936&bbox_s=20.01976261370214&bbox_e=20.00209212303298&bbox_w=19.997907876969066&zoom=17&start_date=2026-03-12&end_date=2026-03-19:0
[ 2169497ms] [ERROR] Failed to load resource: net::ERR_CONNECTION_REFUSED @ http://localhost:8000/api/v1/health:0
[ 2170500ms] [ERROR] Failed to load resource: net::ERR_CONNECTION_REFUSED @ http://localhost:8000/api/v1/health:0
[ 2188471ms] [ERROR] Failed to load resource: net::ERR_CONNECTION_REFUSED @ http://localhost:8000/api/v1/events/map?bbox_n=20.021965196656936&bbox_s=20.01976261370214&bbox_e=20.00209212303298&bbox_w=19.997907876969066&zoom=17&start_date=2026-03-12&end_date=2026-03-19:0
[ 2189474ms] [ERROR] Failed to load resource: net::ERR_CONNECTION_REFUSED @ http://localhost:8000/api/v1/events/map?bbox_n=20.021965196656936&bbox_s=20.01976261370214&bbox_e=20.00209212303298&bbox_w=19.997907876969066&zoom=17&start_date=2026-03-12&end_date=2026-03-19:0
[ 2190504ms] [ERROR] Failed to load resource: net::ERR_CONNECTION_REFUSED @ http://localhost:8000/api/v1/health:0
[ 2191511ms] [ERROR] Failed to load resource: net::ERR_CONNECTION_REFUSED @ http://localhost:8000/api/v1/health:0
[ 2211515ms] [ERROR] Failed to load resource: net::ERR_CONNECTION_REFUSED @ http://localhost:8000/api/v1/health:0
[ 2212518ms] [ERROR] Failed to load resource: net::ERR_CONNECTION_REFUSED @ http://localhost:8000/api/v1/health:0
[ 2219479ms] [ERROR] Failed to load resource: net::ERR_CONNECTION_REFUSED @ http://localhost:8000/api/v1/events/map?bbox_n=20.021965196656936&bbox_s=20.01976261370214&bbox_e=20.00209212303298&bbox_w=19.997907876969066&zoom=17&start_date=2026-03-12&end_date=2026-03-19:0
[ 2220482ms] [ERROR] Failed to load resource: net::ERR_CONNECTION_REFUSED @ http://localhost:8000/api/v1/events/map?bbox_n=20.021965196656936&bbox_s=20.01976261370214&bbox_e=20.00209212303298&bbox_w=19.997907876969066&zoom=17&start_date=2026-03-12&end_date=2026-03-19:0
[ 2226551ms] [ERROR] Failed to load resource: net::ERR_CONNECTION_REFUSED @ http://localhost:8000/api/v1/health:0
[ 2232522ms] [ERROR] Failed to load resource: net::ERR_CONNECTION_REFUSED @ http://localhost:8000/api/v1/health:0
[ 2233525ms] [ERROR] Failed to load resource: net::ERR_CONNECTION_REFUSED @ http://localhost:8000/api/v1/health:0
[ 2250489ms] [ERROR] Failed to load resource: net::ERR_CONNECTION_REFUSED @ http://localhost:8000/api/v1/events/map?bbox_n=20.021965196656936&bbox_s=20.01976261370214&bbox_e=20.00209212303298&bbox_w=19.997907876969066&zoom=17&start_date=2026-03-12&end_date=2026-03-19:0
[ 2251493ms] [ERROR] Failed to load resource: net::ERR_CONNECTION_REFUSED @ http://localhost:8000/api/v1/events/map?bbox_n=20.021965196656936&bbox_s=20.01976261370214&bbox_e=20.00209212303298&bbox_w=19.997907876969066&zoom=17&start_date=2026-03-12&end_date=2026-03-19:0
[ 2253529ms] [ERROR] Failed to load resource: net::ERR_CONNECTION_REFUSED @ http://localhost:8000/api/v1/health:0
[ 2254533ms] [ERROR] Failed to load resource: net::ERR_CONNECTION_REFUSED @ http://localhost:8000/api/v1/health:0
[ 2274537ms] [ERROR] Failed to load resource: net::ERR_CONNECTION_REFUSED @ http://localhost:8000/api/v1/health:0
[ 2275540ms] [ERROR] Failed to load resource: net::ERR_CONNECTION_REFUSED @ http://localhost:8000/api/v1/health:0
[ 2281497ms] [ERROR] Failed to load resource: net::ERR_CONNECTION_REFUSED @ http://localhost:8000/api/v1/events/map?bbox_n=20.021965196656936&bbox_s=20.01976261370214&bbox_e=20.00209212303298&bbox_w=19.997907876969066&zoom=17&start_date=2026-03-12&end_date=2026-03-19:0
[ 2282500ms] [ERROR] Failed to load resource: net::ERR_CONNECTION_REFUSED @ http://localhost:8000/api/v1/events/map?bbox_n=20.021965196656936&bbox_s=20.01976261370214&bbox_e=20.00209212303298&bbox_w=19.997907876969066&zoom=17&start_date=2026-03-12&end_date=2026-03-19:0
[ 2295546ms] [ERROR] Failed to load resource: net::ERR_CONNECTION_REFUSED @ http://localhost:8000/api/v1/health:0
[ 2296551ms] [ERROR] Failed to load resource: net::ERR_CONNECTION_REFUSED @ http://localhost:8000/api/v1/health:0
[ 2312519ms] [ERROR] Failed to load resource: net::ERR_CONNECTION_REFUSED @ http://localhost:8000/api/v1/events/map?bbox_n=20.021965196656936&bbox_s=20.01976261370214&bbox_e=20.00209212303298&bbox_w=19.997907876969066&zoom=17&start_date=2026-03-12&end_date=2026-03-19:0
[ 2313524ms] [ERROR] Failed to load resource: net::ERR_CONNECTION_REFUSED @ http://localhost:8000/api/v1/events/map?bbox_n=20.021965196656936&bbox_s=20.01976261370214&bbox_e=20.00209212303298&bbox_w=19.997907876969066&zoom=17&start_date=2026-03-12&end_date=2026-03-19:0
[ 2316559ms] [ERROR] Failed to load resource: net::ERR_CONNECTION_REFUSED @ http://localhost:8000/api/v1/health:0
[ 2317566ms] [ERROR] Failed to load resource: net::ERR_CONNECTION_REFUSED @ http://localhost:8000/api/v1/health:0
